<?xml version="1.0" encoding="UTF-8"?>
<!-- Generated by org.testng.reporters.JUnitReportReporter -->
<testsuite hostname="DESKTOP-QJECTL0" failures="0" tests="3" name="testpackage2.ActiTest2" time="93.338" errors="0" timestamp="2020-04-30T01:11:04 IST" skipped="0">
  <testcase classname="testpackage2.ActiTest2" name="LoginCredentials" time="0.773"/>
  <system-out/>
  <testcase classname="testpackage2.ActiTest2" name="Create_new_task" time="69.101"/>
  <system-out/>
  <testcase classname="testpackage2.ActiTest2" name="Enter_Customer" time="23.464"/>
  <system-out/>
</testsuite> <!-- testpackage2.ActiTest2 -->
